[2025-03-31 23:31:21] This is codeql database index-files --include-extension=.yaml --include-extension=.yml --size-limit=5m --language yaml -- /opt/results/db
[2025-03-31 23:31:21] Log file was started late.
[2025-03-31 23:31:22] Using index-files script /usr/local/codeql-home/codeql/yaml/tools/index-files.sh.
[2025-03-31 23:31:22] [PROGRESS] database index-files> Scanning for files in /opt/src...
[2025-03-31 23:31:22] Calling plumbing command: codeql resolve files --include-extension=.yaml --include-extension=.yml --size-limit=5m /opt/src --format=json
[2025-03-31 23:31:22] [PROGRESS] resolve files> Scanning /opt/src...
[2025-03-31 23:31:22] [PROGRESS] resolve files> Scanning /opt/src/.git...
[2025-03-31 23:31:22] [PROGRESS] resolve files> Scanning /opt/src/.git/refs...
[2025-03-31 23:31:22] [PROGRESS] resolve files> Scanning /opt/src/.git/refs/heads...
[2025-03-31 23:31:22] [PROGRESS] resolve files> Scanning /opt/src/.git/refs/remotes...
[2025-03-31 23:31:22] [PROGRESS] resolve files> Scanning /opt/src/.git/refs/remotes/origin...
[2025-03-31 23:31:22] [PROGRESS] resolve files> Scanning /opt/src/.git/refs/tags...
[2025-03-31 23:31:22] [PROGRESS] resolve files> Scanning /opt/src/.git/hooks...
[2025-03-31 23:31:22] [PROGRESS] resolve files> Scanning /opt/src/.git/logs...
[2025-03-31 23:31:22] [PROGRESS] resolve files> Scanning /opt/src/.git/logs/refs...
[2025-03-31 23:31:22] [PROGRESS] resolve files> Scanning /opt/src/.git/logs/refs/heads...
[2025-03-31 23:31:22] [PROGRESS] resolve files> Scanning /opt/src/.git/logs/refs/remotes...
[2025-03-31 23:31:22] [PROGRESS] resolve files> Scanning /opt/src/.git/logs/refs/remotes/origin...
[2025-03-31 23:31:22] [PROGRESS] resolve files> Scanning /opt/src/.git/info...
[2025-03-31 23:31:22] [PROGRESS] resolve files> Scanning /opt/src/.git/objects...
[2025-03-31 23:31:22] [PROGRESS] resolve files> Scanning /opt/src/.git/objects/pack...
[2025-03-31 23:31:22] [PROGRESS] resolve files> Scanning /opt/src/.git/objects/40...
[2025-03-31 23:31:22] [PROGRESS] resolve files> Scanning /opt/src/.git/objects/49...
[2025-03-31 23:31:22] [PROGRESS] resolve files> Scanning /opt/src/.git/objects/0b...
[2025-03-31 23:31:22] [PROGRESS] resolve files> Scanning /opt/src/.git/objects/77...
[2025-03-31 23:31:22] [PROGRESS] resolve files> Scanning /opt/src/.git/objects/info...
[2025-03-31 23:31:22] [PROGRESS] resolve files> Scanning /opt/src/.git/objects/d8...
[2025-03-31 23:31:22] [PROGRESS] resolve files> Scanning /opt/src/.git/objects/99...
[2025-03-31 23:31:22] [PROGRESS] resolve files> Scanning /opt/src/.git/objects/ae...
[2025-03-31 23:31:22] [PROGRESS] resolve files> Scanning /opt/src/.git/objects/d0...
[2025-03-31 23:31:22] [PROGRESS] resolve files> Scanning /opt/src/.git/objects/ba...
[2025-03-31 23:31:22] [PROGRESS] resolve files> Scanning /opt/src/.git/objects/48...
[2025-03-31 23:31:22] [PROGRESS] resolve files> Scanning /opt/src/.git/objects/c0...
[2025-03-31 23:31:22] [PROGRESS] resolve files> Scanning /opt/src/db...
[2025-03-31 23:31:22] [PROGRESS] resolve files> Scanning /opt/src/db/working...
[2025-03-31 23:31:22] [PROGRESS] resolve files> Scanning /opt/src/db/working/emptyb_xjf7gk...
[2025-03-31 23:31:22] [PROGRESS] resolve files> Scanning /opt/src/db/working/trap_cache...
[2025-03-31 23:31:22] [PROGRESS] resolve files> Scanning /opt/src/db/working/trap_cache/2...
[2025-03-31 23:31:22] [PROGRESS] resolve files> Scanning /opt/src/db/working/trap_cache/3...
[2025-03-31 23:31:22] [PROGRESS] resolve files> Scanning /opt/src/db/working/trap_cache/1...
[2025-03-31 23:31:22] [PROGRESS] resolve files> Scanning /opt/src/db/trap...
[2025-03-31 23:31:22] [PROGRESS] resolve files> Scanning /opt/src/db/trap/python...
[2025-03-31 23:31:22] [PROGRESS] resolve files> Scanning /opt/src/db/diagnostic...
[2025-03-31 23:31:22] [PROGRESS] resolve files> Scanning /opt/src/db/diagnostic/tracer...
[2025-03-31 23:31:22] [PROGRESS] resolve files> Scanning /opt/src/db/diagnostic/extractors...
[2025-03-31 23:31:22] [PROGRESS] resolve files> Scanning /opt/src/db/diagnostic/extractors/python...
[2025-03-31 23:31:22] [PROGRESS] resolve files> Scanning /opt/src/db/log...
[2025-03-31 23:31:22] [PROGRESS] resolve files> Scanning /opt/src/db/src...
[2025-03-31 23:31:22] [PROGRESS] resolve files> Scanning /opt/src/db/src/usr...
[2025-03-31 23:31:22] [PROGRESS] resolve files> Scanning /opt/src/db/src/usr/lib...
[2025-03-31 23:31:22] [PROGRESS] resolve files> Scanning /opt/src/db/src/usr/lib/python3.10...
[2025-03-31 23:31:22] [PROGRESS] resolve files> Scanning /opt/src/db/src/usr/lib/python3.10/importlib...
[2025-03-31 23:31:22] [PROGRESS] resolve files> Scanning /opt/src/db/src/usr/lib/python3.10/concurrent...
[2025-03-31 23:31:22] [PROGRESS] resolve files> Scanning /opt/src/db/src/usr/lib/python3.10/concurrent/futures...
[2025-03-31 23:31:22] [PROGRESS] resolve files> Scanning /opt/src/db/src/usr/lib/python3.10/asyncio...
[2025-03-31 23:31:22] [PROGRESS] resolve files> Scanning /opt/src/db/src/usr/lib/python3.10/test...
[2025-03-31 23:31:22] [PROGRESS] resolve files> Scanning /opt/src/db/src/usr/lib/python3.10/test/support...
[2025-03-31 23:31:22] [PROGRESS] resolve files> Scanning /opt/src/db/src/usr/lib/python3.10/unittest...
[2025-03-31 23:31:22] [PROGRESS] resolve files> Scanning /opt/src/db/src/usr/lib/python3.10/urllib...
[2025-03-31 23:31:22] [PROGRESS] resolve files> Scanning /opt/src/db/src/usr/lib/python3.10/logging...
[2025-03-31 23:31:22] [PROGRESS] resolve files> Scanning /opt/src/db/src/usr/lib/python3.10/distutils...
[2025-03-31 23:31:22] [PROGRESS] resolve files> Scanning /opt/src/db/src/usr/lib/python3.10/html...
[2025-03-31 23:31:22] [PROGRESS] resolve files> Scanning /opt/src/db/src/usr/lib/python3.10/http...
[2025-03-31 23:31:22] [PROGRESS] resolve files> Scanning /opt/src/db/src/usr/lib/python3.10/ctypes...
[2025-03-31 23:31:22] [PROGRESS] resolve files> Scanning /opt/src/db/src/usr/lib/python3.10/collections...
[2025-03-31 23:31:22] [PROGRESS] resolve files> Scanning /opt/src/db/src/usr/lib/python3.10/sqlite3...
[2025-03-31 23:31:22] [PROGRESS] resolve files> Scanning /opt/src/db/src/usr/lib/python3.10/multiprocessing...
[2025-03-31 23:31:22] [PROGRESS] resolve files> Scanning /opt/src/db/src/usr/lib/python3.10/email...
[2025-03-31 23:31:22] [PROGRESS] resolve files> Scanning /opt/src/db/src/usr/lib/python3.10/encodings...
[2025-03-31 23:31:22] [PROGRESS] resolve files> Scanning /opt/src/db/src/usr/lib/python3.10/xmlrpc...
[2025-03-31 23:31:22] [PROGRESS] resolve files> Scanning /opt/src/db/src/usr/lib/python3.10/xml...
[2025-03-31 23:31:22] [PROGRESS] resolve files> Scanning /opt/src/db/src/usr/lib/python3.10/xml/parsers...
[2025-03-31 23:31:22] [PROGRESS] resolve files> Scanning /opt/src/db/src/usr/lib/python3.10/xml/etree...
[2025-03-31 23:31:22] [PROGRESS] resolve files> Scanning /opt/src/db/src/usr/lib/python3.10/lib2to3...
[2025-03-31 23:31:22] [PROGRESS] resolve files> Scanning /opt/src/db/src/usr/lib/python3.10/lib2to3/pgen2...
[2025-03-31 23:31:22] [PROGRESS] resolve files> Scanning /opt/src/db/src/opt...
[2025-03-31 23:31:22] [PROGRESS] resolve files> Scanning /opt/src/db/src/opt/src...
[2025-03-31 23:31:22] [PROGRESS] resolve files> Scanning /opt/src/.github...
[2025-03-31 23:31:22] [PROGRESS] resolve files> Scanning /opt/src/.github/workflows...
[2025-03-31 23:31:22] Plumbing command codeql resolve files completed:
                      [
                        "/opt/src/db/codeql-database.yml",
                        "/opt/src/.github/workflows/main.yml"
                      ]
[2025-03-31 23:31:22] [DETAILS] database index-files> Found 2 files.
[2025-03-31 23:31:22] [PROGRESS] database index-files> /opt/results/db: Indexing files in in /opt/src...
[2025-03-31 23:31:22] Using index-files script /usr/local/codeql-home/codeql/yaml/tools/index-files.sh.
[2025-03-31 23:31:22] [PROGRESS] database index-files> Running command in /opt/src: [/usr/local/codeql-home/codeql/yaml/tools/index-files.sh, /opt/results/db/working/files-to-index15356013598852880357.list]
[2025-03-31 23:31:22] Terminating normally.
